<?xml version="1.0" encoding="UTF-8"?>
<!-- Generated by org.testng.reporters.JUnitReportReporter -->
<testsuite hostname="DELL-PC" failures="0" tests="1" name="test01.Trial02" time="0.012" errors="0" timestamp="2022-04-25T14:21:39 IST" skipped="0">
  <testcase classname="test01.Trial02" name="f" time="0.012"/>
  <system-out/>
</testsuite> <!-- test01.Trial02 -->
